<?xml version="1.0" encoding="UTF-8"?>
<!-- Generated by org.testng.reporters.JUnitReportReporter -->
<testsuite skipped="0" hostname="LAPTOP-A42B5ES7" name="test.Sample" tests="1" failures="0" timestamp="2021-11-11T12:32:45 IST" time="0.010" errors="0">
  <testcase name="sample" time="0.010" classname="test.Sample"/>
  <system-out/>
</testsuite> <!-- test.Sample -->
