<?xml version="1.0" encoding="UTF-8"?>
<!-- Generated by org.testng.reporters.JUnitReportReporter -->
<testsuite skipped="0" hostname="LAPTOP-A42B5ES7" name="test.Tester" tests="1" failures="0" timestamp="2021-11-11T13:53:16 IST" time="0.006" errors="0">
  <testcase name="test" time="0.006" classname="test.Tester"/>
  <system-out/>
</testsuite> <!-- test.Tester -->
