<?xml version="1.0" encoding="UTF-8"?>
<!-- Generated by org.testng.reporters.JUnitReportReporter -->
<testsuite skipped="0" hostname="LAPTOP-A42B5ES7" name="practise.Sample" tests="1" failures="0" timestamp="2021-11-11T20:59:22 IST" time="0.009" errors="0">
  <testcase name="dep" time="0.009" classname="practise.Sample"/>
  <system-out/>
</testsuite> <!-- practise.Sample -->
