<?xml version="1.0" encoding="UTF-8"?>
<!-- Generated by org.testng.reporters.JUnitReportReporter -->
<testsuite skipped="0" hostname="LAPTOP-A42B5ES7" name="test.Demo" tests="1" failures="0" timestamp="2021-11-11T12:48:53 IST" time="0.008" errors="0">
  <testcase name="demo" time="0.008" classname="test.Demo"/>
  <system-out/>
</testsuite> <!-- test.Demo -->
